{"/Users/vasiliskr/3.Webdev-aueb-course/node/node-chapter-1/products/index.js": {"path":"/Users/vasiliskr/3.Webdev-aueb-course/node/node-chapter-1/products/index.js","statementMap":{"0":{"start":{"line":1,"column":16},"end":{"line":1,"column":34}},"1":{"start":{"line":2,"column":13},"end":{"line":2,"column":22}},"2":{"start":{"line":3,"column":13},"end":{"line":3,"column":17}},"3":{"start":{"line":5,"column":17},"end":{"line":5,"column":36}},"4":{"start":{"line":7,"column":18},"end":{"line":7,"column":47}},"5":{"start":{"line":8,"column":24},"end":{"line":8,"column":44}},"6":{"start":{"line":9,"column":13},"end":{"line":9,"column":28}},"7":{"start":{"line":11,"column":0},"end":{"line":16,"column":2}},"8":{"start":{"line":18,"column":0},"end":{"line":18,"column":24}},"9":{"start":{"line":19,"column":0},"end":{"line":19,"column":46}},"10":{"start":{"line":21,"column":0},"end":{"line":21,"column":38}},"11":{"start":{"line":23,"column":0},"end":{"line":27,"column":2}},"12":{"start":{"line":25,"column":17},"end":{"line":25,"column":65}},"13":{"start":{"line":26,"column":18},"end":{"line":26,"column":50}},"14":{"start":{"line":29,"column":13},"end":{"line":29,"column":44}},"15":{"start":{"line":30,"column":0},"end":{"line":30,"column":27}},"16":{"start":{"line":32,"column":20},"end":{"line":32,"column":59}},"17":{"start":{"line":33,"column":0},"end":{"line":33,"column":41}},"18":{"start":{"line":35,"column":0},"end":{"line":36,"column":2}},"19":{"start":{"line":38,"column":0},"end":{"line":38,"column":20}}},"fnMap":{"0":{"name":"(anonymous_0)","decl":{"start":{"line":25,"column":10},"end":{"line":25,"column":11}},"loc":{"start":{"line":25,"column":16},"end":{"line":25,"column":66}},"line":25},"1":{"name":"(anonymous_1)","decl":{"start":{"line":26,"column":10},"end":{"line":26,"column":11}},"loc":{"start":{"line":26,"column":17},"end":{"line":26,"column":51}},"line":26}},"branchMap":{},"s":{"0":1,"1":1,"2":1,"3":1,"4":1,"5":1,"6":1,"7":1,"8":1,"9":1,"10":1,"11":1,"12":1,"13":0,"14":1,"15":1,"16":1,"17":1,"18":1,"19":1},"f":{"0":1,"1":0},"b":{},"_coverageSchema":"1a1c01bbd47fc00a2c39e90264f33305004495a9","hash":"ed162d48114396687427e262ad21571462a4a49c"}
,"/Users/vasiliskr/3.Webdev-aueb-course/node/node-chapter-1/products/swagger.js": {"path":"/Users/vasiliskr/3.Webdev-aueb-course/node/node-chapter-1/products/swagger.js","statementMap":{"0":{"start":{"line":1,"column":12},"end":{"line":1,"column":42}},"1":{"start":{"line":2,"column":13},"end":{"line":2,"column":43}},"2":{"start":{"line":4,"column":0},"end":{"line":313,"column":1}}},"fnMap":{},"branchMap":{},"s":{"0":1,"1":1,"2":1},"f":{},"b":{},"_coverageSchema":"1a1c01bbd47fc00a2c39e90264f33305004495a9","hash":"8ec7966aadbc396c0749dc72160a1401a2a05ea3"}
,"/Users/vasiliskr/3.Webdev-aueb-course/node/node-chapter-1/products/controllers/user.controller.js": {"path":"/Users/vasiliskr/3.Webdev-aueb-course/node/node-chapter-1/products/controllers/user.controller.js","statementMap":{"0":{"start":{"line":1,"column":13},"end":{"line":1,"column":44}},"1":{"start":{"line":3,"column":15},"end":{"line":3,"column":42}},"2":{"start":{"line":5,"column":0},"end":{"line":15,"column":1}},"3":{"start":{"line":6,"column":4},"end":{"line":6,"column":33}},"4":{"start":{"line":8,"column":4},"end":{"line":14,"column":5}},"5":{"start":{"line":9,"column":23},"end":{"line":9,"column":40}},"6":{"start":{"line":10,"column":8},"end":{"line":10,"column":51}},"7":{"start":{"line":11,"column":8},"end":{"line":11,"column":46}},"8":{"start":{"line":13,"column":8},"end":{"line":13,"column":44}},"9":{"start":{"line":17,"column":0},"end":{"line":27,"column":1}},"10":{"start":{"line":18,"column":21},"end":{"line":18,"column":40}},"11":{"start":{"line":19,"column":4},"end":{"line":19,"column":55}},"12":{"start":{"line":21,"column":4},"end":{"line":26,"column":5}},"13":{"start":{"line":22,"column":23},"end":{"line":22,"column":63}},"14":{"start":{"line":23,"column":8},"end":{"line":23,"column":47}},"15":{"start":{"line":25,"column":8},"end":{"line":25,"column":46}},"16":{"start":{"line":29,"column":0},"end":{"line":50,"column":1}},"17":{"start":{"line":30,"column":20},"end":{"line":40,"column":6}},"18":{"start":{"line":42,"column":4},"end":{"line":42,"column":63}},"19":{"start":{"line":44,"column":4},"end":{"line":49,"column":5}},"20":{"start":{"line":45,"column":23},"end":{"line":45,"column":43}},"21":{"start":{"line":46,"column":8},"end":{"line":46,"column":48}},"22":{"start":{"line":48,"column":8},"end":{"line":48,"column":45}},"23":{"start":{"line":52,"column":0},"end":{"line":74,"column":1}},"24":{"start":{"line":53,"column":21},"end":{"line":53,"column":40}},"25":{"start":{"line":54,"column":4},"end":{"line":54,"column":55}},"26":{"start":{"line":56,"column":23},"end":{"line":64,"column":5}},"27":{"start":{"line":66,"column":4},"end":{"line":73,"column":9}},"28":{"start":{"line":67,"column":23},"end":{"line":69,"column":5}},"29":{"start":{"line":70,"column":8},"end":{"line":70,"column":46}},"30":{"start":{"line":72,"column":8},"end":{"line":72,"column":44}},"31":{"start":{"line":76,"column":0},"end":{"line":86,"column":1}},"32":{"start":{"line":77,"column":21},"end":{"line":77,"column":40}},"33":{"start":{"line":78,"column":4},"end":{"line":78,"column":56}},"34":{"start":{"line":80,"column":4},"end":{"line":85,"column":5}},"35":{"start":{"line":81,"column":23},"end":{"line":81,"column":72}},"36":{"start":{"line":82,"column":8},"end":{"line":82,"column":46}},"37":{"start":{"line":84,"column":8},"end":{"line":84,"column":46}}},"fnMap":{"0":{"name":"(anonymous_0)","decl":{"start":{"line":5,"column":18},"end":{"line":5,"column":19}},"loc":{"start":{"line":5,"column":38},"end":{"line":15,"column":1}},"line":5},"1":{"name":"(anonymous_1)","decl":{"start":{"line":17,"column":18},"end":{"line":17,"column":19}},"loc":{"start":{"line":17,"column":38},"end":{"line":27,"column":1}},"line":17},"2":{"name":"(anonymous_2)","decl":{"start":{"line":29,"column":17},"end":{"line":29,"column":18}},"loc":{"start":{"line":29,"column":37},"end":{"line":50,"column":1}},"line":29},"3":{"name":"(anonymous_3)","decl":{"start":{"line":52,"column":17},"end":{"line":52,"column":18}},"loc":{"start":{"line":52,"column":37},"end":{"line":74,"column":1}},"line":52},"4":{"name":"(anonymous_4)","decl":{"start":{"line":76,"column":17},"end":{"line":76,"column":18}},"loc":{"start":{"line":76,"column":36},"end":{"line":86,"column":1}},"line":76}},"branchMap":{},"s":{"0":1,"1":1,"2":1,"3":1,"4":1,"5":1,"6":1,"7":1,"8":0,"9":1,"10":1,"11":1,"12":1,"13":1,"14":1,"15":0,"16":1,"17":1,"18":1,"19":1,"20":1,"21":1,"22":0,"23":1,"24":0,"25":0,"26":0,"27":0,"28":0,"29":0,"30":0,"31":1,"32":1,"33":1,"34":1,"35":1,"36":1,"37":0},"f":{"0":1,"1":1,"2":1,"3":0,"4":1},"b":{},"_coverageSchema":"1a1c01bbd47fc00a2c39e90264f33305004495a9","hash":"5d63fd265fc51ba91fdaf5aa4422f38019653cd0"}
,"/Users/vasiliskr/3.Webdev-aueb-course/node/node-chapter-1/products/controllers/user.product.controller.js": {"path":"/Users/vasiliskr/3.Webdev-aueb-course/node/node-chapter-1/products/controllers/user.product.controller.js","statementMap":{"0":{"start":{"line":1,"column":13},"end":{"line":1,"column":44}},"1":{"start":{"line":3,"column":0},"end":{"line":12,"column":1}},"2":{"start":{"line":4,"column":4},"end":{"line":4,"column":42}},"3":{"start":{"line":6,"column":4},"end":{"line":11,"column":5}},"4":{"start":{"line":7,"column":23},"end":{"line":7,"column":78}},"5":{"start":{"line":8,"column":8},"end":{"line":8,"column":46}},"6":{"start":{"line":10,"column":8},"end":{"line":10,"column":44}},"7":{"start":{"line":14,"column":0},"end":{"line":24,"column":1}},"8":{"start":{"line":15,"column":21},"end":{"line":15,"column":40}},"9":{"start":{"line":16,"column":4},"end":{"line":16,"column":52}},"10":{"start":{"line":18,"column":4},"end":{"line":23,"column":5}},"11":{"start":{"line":19,"column":23},"end":{"line":19,"column":96}},"12":{"start":{"line":20,"column":8},"end":{"line":20,"column":46}},"13":{"start":{"line":22,"column":8},"end":{"line":22,"column":44}},"14":{"start":{"line":26,"column":0},"end":{"line":44,"column":1}},"15":{"start":{"line":27,"column":21},"end":{"line":27,"column":38}},"16":{"start":{"line":28,"column":21},"end":{"line":28,"column":38}},"17":{"start":{"line":29,"column":4},"end":{"line":29,"column":54}},"18":{"start":{"line":31,"column":4},"end":{"line":43,"column":5}},"19":{"start":{"line":32,"column":23},"end":{"line":39,"column":9}},"20":{"start":{"line":40,"column":8},"end":{"line":40,"column":45}},"21":{"start":{"line":42,"column":8},"end":{"line":42,"column":43}},"22":{"start":{"line":46,"column":0},"end":{"line":66,"column":1}},"23":{"start":{"line":47,"column":21},"end":{"line":47,"column":40}},"24":{"start":{"line":48,"column":23},"end":{"line":48,"column":43}},"25":{"start":{"line":49,"column":21},"end":{"line":49,"column":46}},"26":{"start":{"line":51,"column":4},"end":{"line":51,"column":61}},"27":{"start":{"line":53,"column":4},"end":{"line":65,"column":5}},"28":{"start":{"line":54,"column":23},"end":{"line":61,"column":9}},"29":{"start":{"line":62,"column":8},"end":{"line":62,"column":46}},"30":{"start":{"line":64,"column":8},"end":{"line":64,"column":44}},"31":{"start":{"line":68,"column":0},"end":{"line":87,"column":1}},"32":{"start":{"line":69,"column":21},"end":{"line":69,"column":40}},"33":{"start":{"line":70,"column":23},"end":{"line":70,"column":36}},"34":{"start":{"line":72,"column":4},"end":{"line":72,"column":54}},"35":{"start":{"line":74,"column":4},"end":{"line":86,"column":5}},"36":{"start":{"line":75,"column":23},"end":{"line":82,"column":9}},"37":{"start":{"line":83,"column":8},"end":{"line":83,"column":47}},"38":{"start":{"line":85,"column":4},"end":{"line":85,"column":40}},"39":{"start":{"line":89,"column":0},"end":{"line":127,"column":1}},"40":{"start":{"line":90,"column":4},"end":{"line":90,"column":58}},"41":{"start":{"line":92,"column":4},"end":{"line":126,"column":5}},"42":{"start":{"line":93,"column":23},"end":{"line":120,"column":10}},"43":{"start":{"line":121,"column":8},"end":{"line":121,"column":45}},"44":{"start":{"line":122,"column":8},"end":{"line":122,"column":29}},"45":{"start":{"line":124,"column":8},"end":{"line":124,"column":43}},"46":{"start":{"line":125,"column":8},"end":{"line":125,"column":38}},"47":{"start":{"line":129,"column":0},"end":{"line":171,"column":1}},"48":{"start":{"line":130,"column":4},"end":{"line":130,"column":25}},"49":{"start":{"line":132,"column":4},"end":{"line":170,"column":5}},"50":{"start":{"line":133,"column":23},"end":{"line":164,"column":9}},"51":{"start":{"line":165,"column":8},"end":{"line":165,"column":45}},"52":{"start":{"line":166,"column":8},"end":{"line":166,"column":32}},"53":{"start":{"line":168,"column":8},"end":{"line":168,"column":43}},"54":{"start":{"line":169,"column":8},"end":{"line":169,"column":38}},"55":{"start":{"line":173,"column":0},"end":{"line":216,"column":1}},"56":{"start":{"line":174,"column":21},"end":{"line":174,"column":40}},"57":{"start":{"line":175,"column":4},"end":{"line":175,"column":47}},"58":{"start":{"line":177,"column":4},"end":{"line":215,"column":5}},"59":{"start":{"line":178,"column":23},"end":{"line":209,"column":10}},"60":{"start":{"line":210,"column":8},"end":{"line":210,"column":45}},"61":{"start":{"line":211,"column":8},"end":{"line":211,"column":32}},"62":{"start":{"line":213,"column":8},"end":{"line":213,"column":43}},"63":{"start":{"line":214,"column":8},"end":{"line":214,"column":38}}},"fnMap":{"0":{"name":"(anonymous_0)","decl":{"start":{"line":3,"column":28},"end":{"line":3,"column":29}},"loc":{"start":{"line":3,"column":48},"end":{"line":12,"column":1}},"line":3},"1":{"name":"(anonymous_1)","decl":{"start":{"line":14,"column":27},"end":{"line":14,"column":28}},"loc":{"start":{"line":14,"column":46},"end":{"line":24,"column":1}},"line":14},"2":{"name":"(anonymous_2)","decl":{"start":{"line":26,"column":28},"end":{"line":26,"column":29}},"loc":{"start":{"line":26,"column":47},"end":{"line":44,"column":1}},"line":26},"3":{"name":"(anonymous_3)","decl":{"start":{"line":46,"column":31},"end":{"line":46,"column":32}},"loc":{"start":{"line":46,"column":51},"end":{"line":66,"column":1}},"line":46},"4":{"name":"(anonymous_4)","decl":{"start":{"line":68,"column":28},"end":{"line":68,"column":29}},"loc":{"start":{"line":68,"column":48},"end":{"line":87,"column":1}},"line":68},"5":{"name":"(anonymous_5)","decl":{"start":{"line":89,"column":17},"end":{"line":89,"column":18}},"loc":{"start":{"line":89,"column":37},"end":{"line":127,"column":1}},"line":89},"6":{"name":"(anonymous_6)","decl":{"start":{"line":129,"column":17},"end":{"line":129,"column":18}},"loc":{"start":{"line":129,"column":37},"end":{"line":171,"column":1}},"line":129},"7":{"name":"(anonymous_7)","decl":{"start":{"line":173,"column":17},"end":{"line":173,"column":18}},"loc":{"start":{"line":173,"column":37},"end":{"line":216,"column":1}},"line":173}},"branchMap":{},"s":{"0":1,"1":1,"2":0,"3":0,"4":0,"5":0,"6":0,"7":1,"8":0,"9":0,"10":0,"11":0,"12":0,"13":0,"14":1,"15":0,"16":0,"17":0,"18":0,"19":0,"20":0,"21":0,"22":1,"23":0,"24":0,"25":0,"26":0,"27":0,"28":0,"29":0,"30":0,"31":1,"32":0,"33":0,"34":0,"35":0,"36":0,"37":0,"38":0,"39":1,"40":0,"41":0,"42":0,"43":0,"44":0,"45":0,"46":0,"47":1,"48":0,"49":0,"50":0,"51":0,"52":0,"53":0,"54":0,"55":1,"56":0,"57":0,"58":0,"59":0,"60":0,"61":0,"62":0,"63":0},"f":{"0":0,"1":0,"2":0,"3":0,"4":0,"5":0,"6":0,"7":0},"b":{},"_coverageSchema":"1a1c01bbd47fc00a2c39e90264f33305004495a9","hash":"b114cca69ee02e68849ca62d29236fd5053b3eaf"}
,"/Users/vasiliskr/3.Webdev-aueb-course/node/node-chapter-1/products/logger/logger.js": {"path":"/Users/vasiliskr/3.Webdev-aueb-course/node/node-chapter-1/products/logger/logger.js","statementMap":{"0":{"start":{"line":1,"column":56},"end":{"line":1,"column":74}},"1":{"start":{"line":2,"column":0},"end":{"line":2,"column":37}},"2":{"start":{"line":3,"column":0},"end":{"line":3,"column":27}},"3":{"start":{"line":5,"column":53},"end":{"line":5,"column":59}},"4":{"start":{"line":7,"column":17},"end":{"line":7,"column":40}},"5":{"start":{"line":9,"column":28},"end":{"line":13,"column":2}},"6":{"start":{"line":16,"column":15},"end":{"line":47,"column":2}},"7":{"start":{"line":49,"column":0},"end":{"line":49,"column":23}}},"fnMap":{},"branchMap":{},"s":{"0":1,"1":1,"2":1,"3":1,"4":1,"5":1,"6":1,"7":1},"f":{},"b":{},"_coverageSchema":"1a1c01bbd47fc00a2c39e90264f33305004495a9","hash":"e60b269040de293b1dd4d327fb7d9d658e2d4cfb"}
,"/Users/vasiliskr/3.Webdev-aueb-course/node/node-chapter-1/products/models/user.model.js": {"path":"/Users/vasiliskr/3.Webdev-aueb-course/node/node-chapter-1/products/models/user.model.js","statementMap":{"0":{"start":{"line":1,"column":17},"end":{"line":1,"column":36}},"1":{"start":{"line":2,"column":24},"end":{"line":2,"column":60}},"2":{"start":{"line":3,"column":15},"end":{"line":3,"column":30}},"3":{"start":{"line":5,"column":20},"end":{"line":8,"column":15}},"4":{"start":{"line":10,"column":18},"end":{"line":13,"column":15}},"5":{"start":{"line":15,"column":20},"end":{"line":20,"column":2}},"6":{"start":{"line":23,"column":17},"end":{"line":69,"column":2}},"7":{"start":{"line":71,"column":0},"end":{"line":71,"column":34}},"8":{"start":{"line":73,"column":0},"end":{"line":73,"column":52}}},"fnMap":{},"branchMap":{},"s":{"0":1,"1":1,"2":1,"3":1,"4":1,"5":1,"6":1,"7":1,"8":1},"f":{},"b":{},"_coverageSchema":"1a1c01bbd47fc00a2c39e90264f33305004495a9","hash":"026578fe18a81a0d6698cfdc4fcc61c2da6093a9"}
,"/Users/vasiliskr/3.Webdev-aueb-course/node/node-chapter-1/products/routes/user.product.routes.js": {"path":"/Users/vasiliskr/3.Webdev-aueb-course/node/node-chapter-1/products/routes/user.product.routes.js","statementMap":{"0":{"start":{"line":1,"column":16},"end":{"line":1,"column":34}},"1":{"start":{"line":2,"column":15},"end":{"line":2,"column":31}},"2":{"start":{"line":4,"column":30},"end":{"line":4,"column":79}},"3":{"start":{"line":6,"column":0},"end":{"line":6,"column":71}},"4":{"start":{"line":7,"column":0},"end":{"line":7,"column":74}},"5":{"start":{"line":9,"column":0},"end":{"line":9,"column":75}},"6":{"start":{"line":11,"column":0},"end":{"line":11,"column":83}},"7":{"start":{"line":13,"column":0},"end":{"line":13,"column":81}},"8":{"start":{"line":15,"column":0},"end":{"line":15,"column":52}},"9":{"start":{"line":16,"column":0},"end":{"line":16,"column":52}},"10":{"start":{"line":17,"column":0},"end":{"line":17,"column":63}},"11":{"start":{"line":19,"column":0},"end":{"line":19,"column":24}}},"fnMap":{},"branchMap":{},"s":{"0":1,"1":1,"2":1,"3":1,"4":1,"5":1,"6":1,"7":1,"8":1,"9":1,"10":1,"11":1},"f":{},"b":{},"_coverageSchema":"1a1c01bbd47fc00a2c39e90264f33305004495a9","hash":"594d1c17c05799430dbf09355e41745b983699d2"}
,"/Users/vasiliskr/3.Webdev-aueb-course/node/node-chapter-1/products/routes/user.routes.js": {"path":"/Users/vasiliskr/3.Webdev-aueb-course/node/node-chapter-1/products/routes/user.routes.js","statementMap":{"0":{"start":{"line":1,"column":16},"end":{"line":1,"column":34}},"1":{"start":{"line":2,"column":15},"end":{"line":2,"column":31}},"2":{"start":{"line":4,"column":23},"end":{"line":4,"column":64}},"3":{"start":{"line":6,"column":0},"end":{"line":6,"column":40}},"4":{"start":{"line":7,"column":0},"end":{"line":7,"column":49}},"5":{"start":{"line":9,"column":0},"end":{"line":9,"column":40}},"6":{"start":{"line":11,"column":0},"end":{"line":11,"column":51}},"7":{"start":{"line":13,"column":0},"end":{"line":13,"column":52}},"8":{"start":{"line":15,"column":0},"end":{"line":15,"column":24}}},"fnMap":{},"branchMap":{},"s":{"0":1,"1":1,"2":1,"3":1,"4":1,"5":1,"6":1,"7":1,"8":1},"f":{},"b":{},"_coverageSchema":"1a1c01bbd47fc00a2c39e90264f33305004495a9","hash":"2009e3b1911dc8dce91b869a4f308d280d2cf17e"}
,"/Users/vasiliskr/3.Webdev-aueb-course/node/node-chapter-1/products/services/user.service.js": {"path":"/Users/vasiliskr/3.Webdev-aueb-course/node/node-chapter-1/products/services/user.service.js","statementMap":{"0":{"start":{"line":1,"column":13},"end":{"line":1,"column":44}},"1":{"start":{"line":4,"column":4},"end":{"line":4,"column":43}},"2":{"start":{"line":6,"column":4},"end":{"line":12,"column":5}},"3":{"start":{"line":7,"column":23},"end":{"line":7,"column":66}},"4":{"start":{"line":8,"column":8},"end":{"line":8,"column":25}},"5":{"start":{"line":10,"column":8},"end":{"line":10,"column":70}},"6":{"start":{"line":15,"column":0},"end":{"line":15,"column":40}}},"fnMap":{"0":{"name":"findLastInsertedUser","decl":{"start":{"line":3,"column":15},"end":{"line":3,"column":35}},"loc":{"start":{"line":3,"column":38},"end":{"line":13,"column":1}},"line":3}},"branchMap":{},"s":{"0":1,"1":2,"2":2,"3":2,"4":2,"5":0,"6":1},"f":{"0":2},"b":{},"_coverageSchema":"1a1c01bbd47fc00a2c39e90264f33305004495a9","hash":"e8c38e6dc68a23fb00ba41f05a8d79a885e75731"}
}
