{"/Users/vasiliskr/3.Webdev-aueb-course/node/node-chapter-1/products/index.js": {"path":"/Users/vasiliskr/3.Webdev-aueb-course/node/node-chapter-1/products/index.js","statementMap":{"0":{"start":{"line":1,"column":16},"end":{"line":1,"column":34}},"1":{"start":{"line":2,"column":13},"end":{"line":2,"column":22}},"2":{"start":{"line":3,"column":13},"end":{"line":3,"column":17}},"3":{"start":{"line":5,"column":17},"end":{"line":5,"column":36}},"4":{"start":{"line":7,"column":18},"end":{"line":7,"column":47}},"5":{"start":{"line":8,"column":24},"end":{"line":8,"column":44}},"6":{"start":{"line":9,"column":13},"end":{"line":9,"column":28}},"7":{"start":{"line":11,"column":0},"end":{"line":16,"column":2}},"8":{"start":{"line":18,"column":0},"end":{"line":18,"column":24}},"9":{"start":{"line":19,"column":0},"end":{"line":19,"column":46}},"10":{"start":{"line":21,"column":0},"end":{"line":21,"column":38}},"11":{"start":{"line":23,"column":0},"end":{"line":27,"column":2}},"12":{"start":{"line":25,"column":17},"end":{"line":25,"column":65}},"13":{"start":{"line":26,"column":18},"end":{"line":26,"column":50}},"14":{"start":{"line":29,"column":13},"end":{"line":29,"column":44}},"15":{"start":{"line":30,"column":0},"end":{"line":30,"column":27}},"16":{"start":{"line":32,"column":20},"end":{"line":32,"column":59}},"17":{"start":{"line":33,"column":0},"end":{"line":33,"column":41}},"18":{"start":{"line":35,"column":0},"end":{"line":36,"column":2}},"19":{"start":{"line":38,"column":0},"end":{"line":38,"column":20}}},"fnMap":{"0":{"name":"(anonymous_0)","decl":{"start":{"line":25,"column":10},"end":{"line":25,"column":11}},"loc":{"start":{"line":25,"column":16},"end":{"line":25,"column":66}},"line":25},"1":{"name":"(anonymous_1)","decl":{"start":{"line":26,"column":10},"end":{"line":26,"column":11}},"loc":{"start":{"line":26,"column":17},"end":{"line":26,"column":51}},"line":26}},"branchMap":{},"s":{"0":2,"1":2,"2":2,"3":2,"4":2,"5":2,"6":2,"7":2,"8":2,"9":2,"10":2,"11":2,"12":2,"13":0,"14":2,"15":2,"16":2,"17":2,"18":2,"19":2},"f":{"0":2,"1":0},"b":{},"_coverageSchema":"1a1c01bbd47fc00a2c39e90264f33305004495a9","hash":"ed162d48114396687427e262ad21571462a4a49c"}
,"/Users/vasiliskr/3.Webdev-aueb-course/node/node-chapter-1/products/swagger.js": {"path":"/Users/vasiliskr/3.Webdev-aueb-course/node/node-chapter-1/products/swagger.js","statementMap":{"0":{"start":{"line":1,"column":12},"end":{"line":1,"column":42}},"1":{"start":{"line":2,"column":13},"end":{"line":2,"column":43}},"2":{"start":{"line":4,"column":0},"end":{"line":313,"column":1}}},"fnMap":{},"branchMap":{},"s":{"0":2,"1":2,"2":2},"f":{},"b":{},"_coverageSchema":"1a1c01bbd47fc00a2c39e90264f33305004495a9","hash":"8ec7966aadbc396c0749dc72160a1401a2a05ea3"}
,"/Users/vasiliskr/3.Webdev-aueb-course/node/node-chapter-1/products/controllers/user.controller.js": {"path":"/Users/vasiliskr/3.Webdev-aueb-course/node/node-chapter-1/products/controllers/user.controller.js","statementMap":{"0":{"start":{"line":1,"column":13},"end":{"line":1,"column":44}},"1":{"start":{"line":3,"column":15},"end":{"line":3,"column":42}},"2":{"start":{"line":5,"column":0},"end":{"line":15,"column":1}},"3":{"start":{"line":6,"column":4},"end":{"line":6,"column":33}},"4":{"start":{"line":8,"column":4},"end":{"line":14,"column":5}},"5":{"start":{"line":9,"column":23},"end":{"line":9,"column":40}},"6":{"start":{"line":10,"column":8},"end":{"line":10,"column":51}},"7":{"start":{"line":11,"column":8},"end":{"line":11,"column":46}},"8":{"start":{"line":13,"column":8},"end":{"line":13,"column":44}},"9":{"start":{"line":17,"column":0},"end":{"line":27,"column":1}},"10":{"start":{"line":18,"column":21},"end":{"line":18,"column":40}},"11":{"start":{"line":19,"column":4},"end":{"line":19,"column":55}},"12":{"start":{"line":21,"column":4},"end":{"line":26,"column":5}},"13":{"start":{"line":22,"column":23},"end":{"line":22,"column":63}},"14":{"start":{"line":23,"column":8},"end":{"line":23,"column":47}},"15":{"start":{"line":25,"column":8},"end":{"line":25,"column":46}},"16":{"start":{"line":29,"column":0},"end":{"line":50,"column":1}},"17":{"start":{"line":30,"column":20},"end":{"line":40,"column":6}},"18":{"start":{"line":42,"column":4},"end":{"line":42,"column":63}},"19":{"start":{"line":44,"column":4},"end":{"line":49,"column":5}},"20":{"start":{"line":45,"column":23},"end":{"line":45,"column":43}},"21":{"start":{"line":46,"column":8},"end":{"line":46,"column":48}},"22":{"start":{"line":48,"column":8},"end":{"line":48,"column":45}},"23":{"start":{"line":52,"column":0},"end":{"line":76,"column":1}},"24":{"start":{"line":53,"column":21},"end":{"line":53,"column":40}},"25":{"start":{"line":54,"column":4},"end":{"line":54,"column":55}},"26":{"start":{"line":56,"column":23},"end":{"line":64,"column":5}},"27":{"start":{"line":66,"column":4},"end":{"line":75,"column":9}},"28":{"start":{"line":67,"column":23},"end":{"line":71,"column":5}},"29":{"start":{"line":72,"column":8},"end":{"line":72,"column":46}},"30":{"start":{"line":74,"column":8},"end":{"line":74,"column":44}},"31":{"start":{"line":78,"column":0},"end":{"line":88,"column":1}},"32":{"start":{"line":79,"column":21},"end":{"line":79,"column":40}},"33":{"start":{"line":80,"column":4},"end":{"line":80,"column":56}},"34":{"start":{"line":82,"column":4},"end":{"line":87,"column":5}},"35":{"start":{"line":83,"column":23},"end":{"line":83,"column":72}},"36":{"start":{"line":84,"column":8},"end":{"line":84,"column":46}},"37":{"start":{"line":86,"column":8},"end":{"line":86,"column":46}}},"fnMap":{"0":{"name":"(anonymous_0)","decl":{"start":{"line":5,"column":18},"end":{"line":5,"column":19}},"loc":{"start":{"line":5,"column":38},"end":{"line":15,"column":1}},"line":5},"1":{"name":"(anonymous_1)","decl":{"start":{"line":17,"column":18},"end":{"line":17,"column":19}},"loc":{"start":{"line":17,"column":38},"end":{"line":27,"column":1}},"line":17},"2":{"name":"(anonymous_2)","decl":{"start":{"line":29,"column":17},"end":{"line":29,"column":18}},"loc":{"start":{"line":29,"column":37},"end":{"line":50,"column":1}},"line":29},"3":{"name":"(anonymous_3)","decl":{"start":{"line":52,"column":17},"end":{"line":52,"column":18}},"loc":{"start":{"line":52,"column":37},"end":{"line":76,"column":1}},"line":52},"4":{"name":"(anonymous_4)","decl":{"start":{"line":78,"column":17},"end":{"line":78,"column":18}},"loc":{"start":{"line":78,"column":36},"end":{"line":88,"column":1}},"line":78}},"branchMap":{},"s":{"0":2,"1":2,"2":2,"3":1,"4":1,"5":1,"6":1,"7":1,"8":0,"9":2,"10":1,"11":1,"12":1,"13":1,"14":1,"15":0,"16":2,"17":2,"18":2,"19":2,"20":2,"21":1,"22":1,"23":2,"24":1,"25":1,"26":1,"27":1,"28":1,"29":1,"30":0,"31":2,"32":1,"33":1,"34":1,"35":1,"36":1,"37":0},"f":{"0":1,"1":1,"2":2,"3":1,"4":1},"b":{},"_coverageSchema":"1a1c01bbd47fc00a2c39e90264f33305004495a9","hash":"cd78a6ad54c51968a13436874d7c12588bbeb6e6"}
,"/Users/vasiliskr/3.Webdev-aueb-course/node/node-chapter-1/products/controllers/user.product.controller.js": {"path":"/Users/vasiliskr/3.Webdev-aueb-course/node/node-chapter-1/products/controllers/user.product.controller.js","statementMap":{"0":{"start":{"line":1,"column":13},"end":{"line":1,"column":44}},"1":{"start":{"line":3,"column":0},"end":{"line":12,"column":1}},"2":{"start":{"line":4,"column":4},"end":{"line":4,"column":42}},"3":{"start":{"line":6,"column":4},"end":{"line":11,"column":5}},"4":{"start":{"line":7,"column":23},"end":{"line":7,"column":78}},"5":{"start":{"line":8,"column":8},"end":{"line":8,"column":46}},"6":{"start":{"line":10,"column":8},"end":{"line":10,"column":44}},"7":{"start":{"line":14,"column":0},"end":{"line":24,"column":1}},"8":{"start":{"line":15,"column":21},"end":{"line":15,"column":40}},"9":{"start":{"line":16,"column":4},"end":{"line":16,"column":52}},"10":{"start":{"line":18,"column":4},"end":{"line":23,"column":5}},"11":{"start":{"line":19,"column":23},"end":{"line":19,"column":96}},"12":{"start":{"line":20,"column":8},"end":{"line":20,"column":46}},"13":{"start":{"line":22,"column":8},"end":{"line":22,"column":44}},"14":{"start":{"line":26,"column":0},"end":{"line":44,"column":1}},"15":{"start":{"line":27,"column":21},"end":{"line":27,"column":38}},"16":{"start":{"line":28,"column":21},"end":{"line":28,"column":38}},"17":{"start":{"line":29,"column":4},"end":{"line":29,"column":54}},"18":{"start":{"line":31,"column":4},"end":{"line":43,"column":5}},"19":{"start":{"line":32,"column":23},"end":{"line":39,"column":9}},"20":{"start":{"line":40,"column":8},"end":{"line":40,"column":45}},"21":{"start":{"line":42,"column":8},"end":{"line":42,"column":43}},"22":{"start":{"line":46,"column":0},"end":{"line":64,"column":1}},"23":{"start":{"line":47,"column":21},"end":{"line":47,"column":40}},"24":{"start":{"line":48,"column":23},"end":{"line":48,"column":43}},"25":{"start":{"line":49,"column":21},"end":{"line":49,"column":46}},"26":{"start":{"line":50,"column":4},"end":{"line":50,"column":61}},"27":{"start":{"line":51,"column":4},"end":{"line":63,"column":5}},"28":{"start":{"line":52,"column":23},"end":{"line":59,"column":9}},"29":{"start":{"line":60,"column":8},"end":{"line":60,"column":46}},"30":{"start":{"line":62,"column":8},"end":{"line":62,"column":44}},"31":{"start":{"line":66,"column":0},"end":{"line":85,"column":1}},"32":{"start":{"line":67,"column":21},"end":{"line":67,"column":40}},"33":{"start":{"line":68,"column":23},"end":{"line":68,"column":36}},"34":{"start":{"line":70,"column":4},"end":{"line":70,"column":54}},"35":{"start":{"line":72,"column":4},"end":{"line":84,"column":5}},"36":{"start":{"line":73,"column":23},"end":{"line":80,"column":9}},"37":{"start":{"line":81,"column":8},"end":{"line":81,"column":47}},"38":{"start":{"line":83,"column":4},"end":{"line":83,"column":40}},"39":{"start":{"line":87,"column":0},"end":{"line":125,"column":1}},"40":{"start":{"line":88,"column":4},"end":{"line":88,"column":58}},"41":{"start":{"line":90,"column":4},"end":{"line":124,"column":5}},"42":{"start":{"line":91,"column":23},"end":{"line":118,"column":10}},"43":{"start":{"line":119,"column":8},"end":{"line":119,"column":45}},"44":{"start":{"line":120,"column":8},"end":{"line":120,"column":29}},"45":{"start":{"line":122,"column":8},"end":{"line":122,"column":43}},"46":{"start":{"line":123,"column":8},"end":{"line":123,"column":38}},"47":{"start":{"line":127,"column":0},"end":{"line":168,"column":1}},"48":{"start":{"line":128,"column":4},"end":{"line":128,"column":25}},"49":{"start":{"line":130,"column":4},"end":{"line":167,"column":5}},"50":{"start":{"line":131,"column":23},"end":{"line":161,"column":9}},"51":{"start":{"line":162,"column":8},"end":{"line":162,"column":45}},"52":{"start":{"line":163,"column":8},"end":{"line":163,"column":32}},"53":{"start":{"line":165,"column":8},"end":{"line":165,"column":43}},"54":{"start":{"line":166,"column":8},"end":{"line":166,"column":38}},"55":{"start":{"line":170,"column":0},"end":{"line":213,"column":1}},"56":{"start":{"line":171,"column":21},"end":{"line":171,"column":40}},"57":{"start":{"line":172,"column":4},"end":{"line":172,"column":47}},"58":{"start":{"line":174,"column":4},"end":{"line":212,"column":5}},"59":{"start":{"line":175,"column":23},"end":{"line":206,"column":10}},"60":{"start":{"line":207,"column":8},"end":{"line":207,"column":45}},"61":{"start":{"line":208,"column":8},"end":{"line":208,"column":32}},"62":{"start":{"line":210,"column":8},"end":{"line":210,"column":43}},"63":{"start":{"line":211,"column":8},"end":{"line":211,"column":38}}},"fnMap":{"0":{"name":"(anonymous_0)","decl":{"start":{"line":3,"column":28},"end":{"line":3,"column":29}},"loc":{"start":{"line":3,"column":48},"end":{"line":12,"column":1}},"line":3},"1":{"name":"(anonymous_1)","decl":{"start":{"line":14,"column":27},"end":{"line":14,"column":28}},"loc":{"start":{"line":14,"column":46},"end":{"line":24,"column":1}},"line":14},"2":{"name":"(anonymous_2)","decl":{"start":{"line":26,"column":28},"end":{"line":26,"column":29}},"loc":{"start":{"line":26,"column":47},"end":{"line":44,"column":1}},"line":26},"3":{"name":"(anonymous_3)","decl":{"start":{"line":46,"column":31},"end":{"line":46,"column":32}},"loc":{"start":{"line":46,"column":51},"end":{"line":64,"column":1}},"line":46},"4":{"name":"(anonymous_4)","decl":{"start":{"line":66,"column":28},"end":{"line":66,"column":29}},"loc":{"start":{"line":66,"column":48},"end":{"line":85,"column":1}},"line":66},"5":{"name":"(anonymous_5)","decl":{"start":{"line":87,"column":17},"end":{"line":87,"column":18}},"loc":{"start":{"line":87,"column":37},"end":{"line":125,"column":1}},"line":87},"6":{"name":"(anonymous_6)","decl":{"start":{"line":127,"column":17},"end":{"line":127,"column":18}},"loc":{"start":{"line":127,"column":37},"end":{"line":168,"column":1}},"line":127},"7":{"name":"(anonymous_7)","decl":{"start":{"line":170,"column":17},"end":{"line":170,"column":18}},"loc":{"start":{"line":170,"column":37},"end":{"line":213,"column":1}},"line":170}},"branchMap":{},"s":{"0":2,"1":2,"2":1,"3":1,"4":1,"5":1,"6":0,"7":2,"8":1,"9":1,"10":1,"11":1,"12":1,"13":0,"14":2,"15":1,"16":1,"17":1,"18":1,"19":1,"20":1,"21":0,"22":2,"23":1,"24":1,"25":1,"26":1,"27":1,"28":1,"29":0,"30":1,"31":2,"32":1,"33":1,"34":1,"35":1,"36":1,"37":1,"38":0,"39":2,"40":0,"41":0,"42":0,"43":0,"44":0,"45":0,"46":0,"47":2,"48":0,"49":0,"50":0,"51":0,"52":0,"53":0,"54":0,"55":2,"56":0,"57":0,"58":0,"59":0,"60":0,"61":0,"62":0,"63":0},"f":{"0":1,"1":1,"2":1,"3":1,"4":1,"5":0,"6":0,"7":0},"b":{},"_coverageSchema":"1a1c01bbd47fc00a2c39e90264f33305004495a9","hash":"60533e1fb441dc9ed502185c74eae385f78d344e"}
,"/Users/vasiliskr/3.Webdev-aueb-course/node/node-chapter-1/products/logger/logger.js": {"path":"/Users/vasiliskr/3.Webdev-aueb-course/node/node-chapter-1/products/logger/logger.js","statementMap":{"0":{"start":{"line":1,"column":56},"end":{"line":1,"column":74}},"1":{"start":{"line":2,"column":0},"end":{"line":2,"column":37}},"2":{"start":{"line":3,"column":0},"end":{"line":3,"column":27}},"3":{"start":{"line":5,"column":53},"end":{"line":5,"column":59}},"4":{"start":{"line":7,"column":17},"end":{"line":7,"column":40}},"5":{"start":{"line":9,"column":28},"end":{"line":13,"column":2}},"6":{"start":{"line":16,"column":15},"end":{"line":47,"column":2}},"7":{"start":{"line":49,"column":0},"end":{"line":49,"column":23}}},"fnMap":{},"branchMap":{},"s":{"0":2,"1":2,"2":2,"3":2,"4":2,"5":2,"6":2,"7":2},"f":{},"b":{},"_coverageSchema":"1a1c01bbd47fc00a2c39e90264f33305004495a9","hash":"e60b269040de293b1dd4d327fb7d9d658e2d4cfb"}
,"/Users/vasiliskr/3.Webdev-aueb-course/node/node-chapter-1/products/models/user.model.js": {"path":"/Users/vasiliskr/3.Webdev-aueb-course/node/node-chapter-1/products/models/user.model.js","statementMap":{"0":{"start":{"line":1,"column":17},"end":{"line":1,"column":36}},"1":{"start":{"line":2,"column":24},"end":{"line":2,"column":60}},"2":{"start":{"line":3,"column":15},"end":{"line":3,"column":30}},"3":{"start":{"line":5,"column":20},"end":{"line":8,"column":15}},"4":{"start":{"line":10,"column":18},"end":{"line":13,"column":15}},"5":{"start":{"line":15,"column":20},"end":{"line":20,"column":2}},"6":{"start":{"line":23,"column":17},"end":{"line":69,"column":2}},"7":{"start":{"line":71,"column":0},"end":{"line":71,"column":34}},"8":{"start":{"line":73,"column":0},"end":{"line":73,"column":52}}},"fnMap":{},"branchMap":{},"s":{"0":2,"1":2,"2":2,"3":2,"4":2,"5":2,"6":2,"7":2,"8":2},"f":{},"b":{},"_coverageSchema":"1a1c01bbd47fc00a2c39e90264f33305004495a9","hash":"026578fe18a81a0d6698cfdc4fcc61c2da6093a9"}
,"/Users/vasiliskr/3.Webdev-aueb-course/node/node-chapter-1/products/routes/user.product.routes.js": {"path":"/Users/vasiliskr/3.Webdev-aueb-course/node/node-chapter-1/products/routes/user.product.routes.js","statementMap":{"0":{"start":{"line":1,"column":16},"end":{"line":1,"column":34}},"1":{"start":{"line":2,"column":15},"end":{"line":2,"column":31}},"2":{"start":{"line":4,"column":30},"end":{"line":4,"column":79}},"3":{"start":{"line":6,"column":0},"end":{"line":6,"column":71}},"4":{"start":{"line":7,"column":0},"end":{"line":7,"column":74}},"5":{"start":{"line":9,"column":0},"end":{"line":9,"column":75}},"6":{"start":{"line":11,"column":0},"end":{"line":11,"column":83}},"7":{"start":{"line":13,"column":0},"end":{"line":13,"column":81}},"8":{"start":{"line":15,"column":0},"end":{"line":15,"column":52}},"9":{"start":{"line":16,"column":0},"end":{"line":16,"column":52}},"10":{"start":{"line":17,"column":0},"end":{"line":17,"column":63}},"11":{"start":{"line":19,"column":0},"end":{"line":19,"column":24}}},"fnMap":{},"branchMap":{},"s":{"0":2,"1":2,"2":2,"3":2,"4":2,"5":2,"6":2,"7":2,"8":2,"9":2,"10":2,"11":2},"f":{},"b":{},"_coverageSchema":"1a1c01bbd47fc00a2c39e90264f33305004495a9","hash":"594d1c17c05799430dbf09355e41745b983699d2"}
,"/Users/vasiliskr/3.Webdev-aueb-course/node/node-chapter-1/products/routes/user.routes.js": {"path":"/Users/vasiliskr/3.Webdev-aueb-course/node/node-chapter-1/products/routes/user.routes.js","statementMap":{"0":{"start":{"line":1,"column":16},"end":{"line":1,"column":34}},"1":{"start":{"line":2,"column":15},"end":{"line":2,"column":31}},"2":{"start":{"line":4,"column":23},"end":{"line":4,"column":64}},"3":{"start":{"line":6,"column":0},"end":{"line":6,"column":40}},"4":{"start":{"line":7,"column":0},"end":{"line":7,"column":49}},"5":{"start":{"line":9,"column":0},"end":{"line":9,"column":40}},"6":{"start":{"line":11,"column":0},"end":{"line":11,"column":51}},"7":{"start":{"line":13,"column":0},"end":{"line":13,"column":52}},"8":{"start":{"line":15,"column":0},"end":{"line":15,"column":24}}},"fnMap":{},"branchMap":{},"s":{"0":2,"1":2,"2":2,"3":2,"4":2,"5":2,"6":2,"7":2,"8":2},"f":{},"b":{},"_coverageSchema":"1a1c01bbd47fc00a2c39e90264f33305004495a9","hash":"2009e3b1911dc8dce91b869a4f308d280d2cf17e"}
,"/Users/vasiliskr/3.Webdev-aueb-course/node/node-chapter-1/products/services/user.service.js": {"path":"/Users/vasiliskr/3.Webdev-aueb-course/node/node-chapter-1/products/services/user.service.js","statementMap":{"0":{"start":{"line":1,"column":13},"end":{"line":1,"column":44}},"1":{"start":{"line":4,"column":4},"end":{"line":4,"column":43}},"2":{"start":{"line":6,"column":4},"end":{"line":12,"column":5}},"3":{"start":{"line":7,"column":23},"end":{"line":7,"column":66}},"4":{"start":{"line":8,"column":8},"end":{"line":8,"column":25}},"5":{"start":{"line":10,"column":8},"end":{"line":10,"column":70}},"6":{"start":{"line":16,"column":4},"end":{"line":16,"column":49}},"7":{"start":{"line":19,"column":4},"end":{"line":28,"column":5}},"8":{"start":{"line":20,"column":23},"end":{"line":22,"column":34}},"9":{"start":{"line":24,"column":8},"end":{"line":24,"column":22}},"10":{"start":{"line":26,"column":8},"end":{"line":26,"column":55}},"11":{"start":{"line":27,"column":8},"end":{"line":27,"column":21}},"12":{"start":{"line":31,"column":0},"end":{"line":31,"column":58}}},"fnMap":{"0":{"name":"findLastInsertedUser","decl":{"start":{"line":3,"column":15},"end":{"line":3,"column":35}},"loc":{"start":{"line":3,"column":38},"end":{"line":13,"column":1}},"line":3},"1":{"name":"findUsersProduct","decl":{"start":{"line":15,"column":15},"end":{"line":15,"column":31}},"loc":{"start":{"line":15,"column":42},"end":{"line":29,"column":1}},"line":15}},"branchMap":{},"s":{"0":2,"1":8,"2":8,"3":8,"4":8,"5":0,"6":1,"7":1,"8":1,"9":1,"10":0,"11":0,"12":2},"f":{"0":8,"1":1},"b":{},"_coverageSchema":"1a1c01bbd47fc00a2c39e90264f33305004495a9","hash":"6b3d149a35b9f67d12ae8b1d3ab4afb69cc06ab0"}
}
