TN:
SF:index.js
FN:25,(anonymous_0)
FN:26,(anonymous_1)
FNF:2
FNH:1
FNDA:1,(anonymous_0)
FNDA:0,(anonymous_1)
DA:1,1
DA:2,1
DA:3,1
DA:5,1
DA:7,1
DA:8,1
DA:9,1
DA:11,1
DA:18,1
DA:19,1
DA:21,1
DA:23,1
DA:25,1
DA:26,0
DA:29,1
DA:30,1
DA:32,1
DA:33,1
DA:35,1
DA:38,1
LF:20
LH:19
BRF:0
BRH:0
end_of_record
TN:
SF:swagger.js
FNF:0
FNH:0
DA:1,1
DA:2,1
DA:4,1
LF:3
LH:3
BRF:0
BRH:0
end_of_record
TN:
SF:controllers/user.controller.js
FN:5,(anonymous_0)
FN:17,(anonymous_1)
FN:29,(anonymous_2)
FN:52,(anonymous_3)
FN:76,(anonymous_4)
FNF:5
FNH:5
FNDA:1,(anonymous_0)
FNDA:1,(anonymous_1)
FNDA:2,(anonymous_2)
FNDA:1,(anonymous_3)
FNDA:1,(anonymous_4)
DA:1,1
DA:3,1
DA:5,1
DA:6,1
DA:8,1
DA:9,1
DA:10,1
DA:11,1
DA:13,0
DA:17,1
DA:18,1
DA:19,1
DA:21,1
DA:22,1
DA:23,1
DA:25,0
DA:29,1
DA:30,2
DA:42,2
DA:44,2
DA:45,2
DA:46,1
DA:48,1
DA:52,1
DA:53,1
DA:54,1
DA:56,1
DA:66,1
DA:67,1
DA:70,1
DA:72,0
DA:76,1
DA:77,1
DA:78,1
DA:80,1
DA:81,1
DA:82,1
DA:84,0
LF:38
LH:34
BRF:0
BRH:0
end_of_record
TN:
SF:controllers/user.product.controller.js
FN:3,(anonymous_0)
FN:14,(anonymous_1)
FN:26,(anonymous_2)
FN:46,(anonymous_3)
FN:68,(anonymous_4)
FN:89,(anonymous_5)
FN:129,(anonymous_6)
FN:173,(anonymous_7)
FNF:8
FNH:0
FNDA:0,(anonymous_0)
FNDA:0,(anonymous_1)
FNDA:0,(anonymous_2)
FNDA:0,(anonymous_3)
FNDA:0,(anonymous_4)
FNDA:0,(anonymous_5)
FNDA:0,(anonymous_6)
FNDA:0,(anonymous_7)
DA:1,1
DA:3,1
DA:4,0
DA:6,0
DA:7,0
DA:8,0
DA:10,0
DA:14,1
DA:15,0
DA:16,0
DA:18,0
DA:19,0
DA:20,0
DA:22,0
DA:26,1
DA:27,0
DA:28,0
DA:29,0
DA:31,0
DA:32,0
DA:40,0
DA:42,0
DA:46,1
DA:47,0
DA:48,0
DA:49,0
DA:51,0
DA:53,0
DA:54,0
DA:62,0
DA:64,0
DA:68,1
DA:69,0
DA:70,0
DA:72,0
DA:74,0
DA:75,0
DA:83,0
DA:85,0
DA:89,1
DA:90,0
DA:92,0
DA:93,0
DA:121,0
DA:122,0
DA:124,0
DA:125,0
DA:129,1
DA:130,0
DA:132,0
DA:133,0
DA:165,0
DA:166,0
DA:168,0
DA:169,0
DA:173,1
DA:174,0
DA:175,0
DA:177,0
DA:178,0
DA:210,0
DA:211,0
DA:213,0
DA:214,0
LF:64
LH:9
BRF:0
BRH:0
end_of_record
TN:
SF:logger/logger.js
FNF:0
FNH:0
DA:1,1
DA:2,1
DA:3,1
DA:5,1
DA:7,1
DA:9,1
DA:16,1
DA:49,1
LF:8
LH:8
BRF:0
BRH:0
end_of_record
TN:
SF:models/user.model.js
FNF:0
FNH:0
DA:1,1
DA:2,1
DA:3,1
DA:5,1
DA:10,1
DA:15,1
DA:23,1
DA:71,1
DA:73,1
LF:9
LH:9
BRF:0
BRH:0
end_of_record
TN:
SF:routes/user.product.routes.js
FNF:0
FNH:0
DA:1,1
DA:2,1
DA:4,1
DA:6,1
DA:7,1
DA:9,1
DA:11,1
DA:13,1
DA:15,1
DA:16,1
DA:17,1
DA:19,1
LF:12
LH:12
BRF:0
BRH:0
end_of_record
TN:
SF:routes/user.routes.js
FNF:0
FNH:0
DA:1,1
DA:2,1
DA:4,1
DA:6,1
DA:7,1
DA:9,1
DA:11,1
DA:13,1
DA:15,1
LF:9
LH:9
BRF:0
BRH:0
end_of_record
TN:
SF:services/user.service.js
FN:3,findLastInsertedUser
FNF:1
FNH:1
FNDA:3,findLastInsertedUser
DA:1,1
DA:4,3
DA:6,3
DA:7,3
DA:8,3
DA:10,0
DA:15,1
LF:7
LH:6
BRF:0
BRH:0
end_of_record
